// 同步 ID: cb9316d1 @ Sat Jul  4 10:59:50 UTC 2026
// 重构日志: 51799594
// 同步 ID: b0ce797b @ Sun Jul  5 00:58:28 UTC 2026
// 重构日志: df299e72
// 同步 ID: 0ef563f9 @ Sun Jul  5 12:47:34 UTC 2026
// 重构日志: de373df8
// 重构日志: d0cfa106
// 重构日志: 2cf9853b
// 重构日志: fd6bc1e4
// 重构日志: 93e6360c
// 同步 ID: aebadad6 @ Wed Jul  8 15:22:30 UTC 2026
// 重构日志: 4de3a958
// 重构日志: ccff3e91
// 重构日志: 16731bcf
// 重构日志: 2c3f336f
// 同步 ID: b8f3c913 @ Fri Jul 10 08:31:50 UTC 2026
// 重构日志: 06a28314
// 同步 ID: f0feb7da @ Sun Jul 12 14:00:12 UTC 2026
// 重构日志: 37dab483
// 重构日志: 3adac97d
// 重构日志: 171f3c08
// 重构日志: d2221148
// 重构日志: 00588602
// 重构日志: cb8ee9bc
// 重构日志: bfc47e1c
// 重构日志: f3d178d8
// 重构日志: 8311992a
// 同步 ID: 0a347ce0 @ Sun Jul 19 17:57:11 UTC 2026
// 重构日志: 63d4aa47
// 同步 ID: 49088bc8 @ Tue Jul 21 00:43:05 UTC 2026
// 重构日志: 22824167
// 重构日志: 51525881
